Analysis & Synthesis report for part_3
Mon Oct 22 18:34:55 2018
Quartus Prime Version 17.0.0 Build 595 04/25/2017 SJ Lite Edition


---------------------
; Table of Contents ;
---------------------
  1. Legal Notice
  2. Analysis & Synthesis Summary
  3. Analysis & Synthesis Settings
  4. Parallel Compilation
  5. Analysis & Synthesis Source Files Read
  6. Analysis & Synthesis Resource Usage Summary
  7. Analysis & Synthesis Resource Utilization by Entity
  8. Registers Removed During Synthesis
  9. General Register Statistics
 10. Inverted Register Statistics
 11. Multiplexer Restructuring Statistics (Restructuring Performed)
 12. Port Connectivity Checks: "mux8to1:r1"
 13. Port Connectivity Checks: "rate_divider:r0"
 14. Post-Synthesis Netlist Statistics for Top Partition
 15. Elapsed Time Per Partition
 16. Analysis & Synthesis Messages



----------------
; Legal Notice ;
----------------
Copyright (C) 2017  Intel Corporation. All rights reserved.
Your use of Intel Corporation's design tools, logic functions 
and other software and tools, and its AMPP partner logic 
functions, and any output files from any of the foregoing 
(including device programming or simulation files), and any 
associated documentation or information are expressly subject 
to the terms and conditions of the Intel Program License 
Subscription Agreement, the Intel Quartus Prime License Agreement,
the Intel MegaCore Function License Agreement, or other 
applicable license agreement, including, without limitation, 
that your use is for the sole purpose of programming logic 
devices manufactured by Intel and sold by Intel or its 
authorized distributors.  Please refer to the applicable 
agreement for further details.



+-------------------------------------------------------------------------------+
; Analysis & Synthesis Summary                                                  ;
+---------------------------------+---------------------------------------------+
; Analysis & Synthesis Status     ; Successful - Mon Oct 22 18:34:55 2018       ;
; Quartus Prime Version           ; 17.0.0 Build 595 04/25/2017 SJ Lite Edition ;
; Revision Name                   ; part_3                                      ;
; Top-level Entity Name           ; part_3                                      ;
; Family                          ; Cyclone V                                   ;
; Logic utilization (in ALMs)     ; N/A                                         ;
; Total registers                 ; 39                                          ;
; Total pins                      ; 31                                          ;
; Total virtual pins              ; 0                                           ;
; Total block memory bits         ; 0                                           ;
; Total DSP Blocks                ; 0                                           ;
; Total HSSI RX PCSs              ; 0                                           ;
; Total HSSI PMA RX Deserializers ; 0                                           ;
; Total HSSI TX PCSs              ; 0                                           ;
; Total HSSI PMA TX Serializers   ; 0                                           ;
; Total PLLs                      ; 0                                           ;
; Total DLLs                      ; 0                                           ;
+---------------------------------+---------------------------------------------+


+---------------------------------------------------------------------------------------------------------------------------+
; Analysis & Synthesis Settings                                                                                             ;
+---------------------------------------------------------------------------------+--------------------+--------------------+
; Option                                                                          ; Setting            ; Default Value      ;
+---------------------------------------------------------------------------------+--------------------+--------------------+
; Device                                                                          ; 5CSEMA5F31C6       ;                    ;
; Top-level entity name                                                           ; part_3             ; part_3             ;
; Family name                                                                     ; Cyclone V          ; Cyclone V          ;
; Use smart compilation                                                           ; Off                ; Off                ;
; Enable parallel Assembler and TimeQuest Timing Analyzer during compilation      ; On                 ; On                 ;
; Enable compact report table                                                     ; Off                ; Off                ;
; Restructure Multiplexers                                                        ; Auto               ; Auto               ;
; MLAB Add Timing Constraints For Mixed-Port Feed-Through Mode Setting Don't Care ; Off                ; Off                ;
; Create Debugging Nodes for IP Cores                                             ; Off                ; Off                ;
; Preserve fewer node names                                                       ; On                 ; On                 ;
; OpenCore Plus hardware evaluation                                               ; Enable             ; Enable             ;
; Verilog Version                                                                 ; Verilog_2001       ; Verilog_2001       ;
; VHDL Version                                                                    ; VHDL_1993          ; VHDL_1993          ;
; State Machine Processing                                                        ; Auto               ; Auto               ;
; Safe State Machine                                                              ; Off                ; Off                ;
; Extract Verilog State Machines                                                  ; On                 ; On                 ;
; Extract VHDL State Machines                                                     ; On                 ; On                 ;
; Ignore Verilog initial constructs                                               ; Off                ; Off                ;
; Iteration limit for constant Verilog loops                                      ; 5000               ; 5000               ;
; Iteration limit for non-constant Verilog loops                                  ; 250                ; 250                ;
; Add Pass-Through Logic to Inferred RAMs                                         ; On                 ; On                 ;
; Infer RAMs from Raw Logic                                                       ; On                 ; On                 ;
; Parallel Synthesis                                                              ; On                 ; On                 ;
; DSP Block Balancing                                                             ; Auto               ; Auto               ;
; NOT Gate Push-Back                                                              ; On                 ; On                 ;
; Power-Up Don't Care                                                             ; On                 ; On                 ;
; Remove Redundant Logic Cells                                                    ; Off                ; Off                ;
; Remove Duplicate Registers                                                      ; On                 ; On                 ;
; Ignore CARRY Buffers                                                            ; Off                ; Off                ;
; Ignore CASCADE Buffers                                                          ; Off                ; Off                ;
; Ignore GLOBAL Buffers                                                           ; Off                ; Off                ;
; Ignore ROW GLOBAL Buffers                                                       ; Off                ; Off                ;
; Ignore LCELL Buffers                                                            ; Off                ; Off                ;
; Ignore SOFT Buffers                                                             ; On                 ; On                 ;
; Limit AHDL Integers to 32 Bits                                                  ; Off                ; Off                ;
; Optimization Technique                                                          ; Balanced           ; Balanced           ;
; Carry Chain Length                                                              ; 70                 ; 70                 ;
; Auto Carry Chains                                                               ; On                 ; On                 ;
; Auto Open-Drain Pins                                                            ; On                 ; On                 ;
; Perform WYSIWYG Primitive Resynthesis                                           ; Off                ; Off                ;
; Auto ROM Replacement                                                            ; On                 ; On                 ;
; Auto RAM Replacement                                                            ; On                 ; On                 ;
; Auto DSP Block Replacement                                                      ; On                 ; On                 ;
; Auto Shift Register Replacement                                                 ; Auto               ; Auto               ;
; Allow Shift Register Merging across Hierarchies                                 ; Auto               ; Auto               ;
; Auto Clock Enable Replacement                                                   ; On                 ; On                 ;
; Strict RAM Replacement                                                          ; Off                ; Off                ;
; Allow Synchronous Control Signals                                               ; On                 ; On                 ;
; Force Use of Synchronous Clear Signals                                          ; Off                ; Off                ;
; Auto Resource Sharing                                                           ; Off                ; Off                ;
; Allow Any RAM Size For Recognition                                              ; Off                ; Off                ;
; Allow Any ROM Size For Recognition                                              ; Off                ; Off                ;
; Allow Any Shift Register Size For Recognition                                   ; Off                ; Off                ;
; Use LogicLock Constraints during Resource Balancing                             ; On                 ; On                 ;
; Ignore translate_off and synthesis_off directives                               ; Off                ; Off                ;
; Timing-Driven Synthesis                                                         ; On                 ; On                 ;
; Report Parameter Settings                                                       ; On                 ; On                 ;
; Report Source Assignments                                                       ; On                 ; On                 ;
; Report Connectivity Checks                                                      ; On                 ; On                 ;
; Ignore Maximum Fan-Out Assignments                                              ; Off                ; Off                ;
; Synchronization Register Chain Length                                           ; 3                  ; 3                  ;
; PowerPlay Power Optimization During Synthesis                                   ; Normal compilation ; Normal compilation ;
; HDL message level                                                               ; Level2             ; Level2             ;
; Suppress Register Optimization Related Messages                                 ; Off                ; Off                ;
; Number of Removed Registers Reported in Synthesis Report                        ; 5000               ; 5000               ;
; Number of Swept Nodes Reported in Synthesis Report                              ; 5000               ; 5000               ;
; Number of Inverted Registers Reported in Synthesis Report                       ; 100                ; 100                ;
; Clock MUX Protection                                                            ; On                 ; On                 ;
; Auto Gated Clock Conversion                                                     ; Off                ; Off                ;
; Block Design Naming                                                             ; Auto               ; Auto               ;
; SDC constraint protection                                                       ; Off                ; Off                ;
; Synthesis Effort                                                                ; Auto               ; Auto               ;
; Shift Register Replacement - Allow Asynchronous Clear Signal                    ; On                 ; On                 ;
; Pre-Mapping Resynthesis Optimization                                            ; Off                ; Off                ;
; Analysis & Synthesis Message Level                                              ; Medium             ; Medium             ;
; Disable Register Merging Across Hierarchies                                     ; Auto               ; Auto               ;
; Resource Aware Inference For Block RAM                                          ; On                 ; On                 ;
; Automatic Parallel Synthesis                                                    ; On                 ; On                 ;
; Partial Reconfiguration Bitstream ID                                            ; Off                ; Off                ;
+---------------------------------------------------------------------------------+--------------------+--------------------+


+------------------------------------------+
; Parallel Compilation                     ;
+----------------------------+-------------+
; Processors                 ; Number      ;
+----------------------------+-------------+
; Number detected on machine ; 4           ;
; Maximum allowed            ; 2           ;
;                            ;             ;
; Average used               ; 1.00        ;
; Maximum used               ; 2           ;
;                            ;             ;
; Usage by Processor         ; % Time Used ;
;     Processor 1            ; 100.0%      ;
;     Processor 2            ;   0.0%      ;
+----------------------------+-------------+


+---------------------------------------------------------------------------------------------------------------------------------------------------------------+
; Analysis & Synthesis Source Files Read                                                                                                                        ;
+----------------------------------+-----------------+------------------------+-----------------------------------------------------------------------+---------+
; File Name with User-Entered Path ; Used in Netlist ; File Type              ; File Name with Absolute Path                                          ; Library ;
+----------------------------------+-----------------+------------------------+-----------------------------------------------------------------------+---------+
; part_3.v                         ; yes             ; User Verilog HDL File  ; C:/Users/exle0/Documents/2018_Fall/CSC_258/Labs/lab_5/part_3/part_3.v ;         ;
+----------------------------------+-----------------+------------------------+-----------------------------------------------------------------------+---------+


+--------------------------------------------------------------+
; Analysis & Synthesis Resource Usage Summary                  ;
+---------------------------------------------+----------------+
; Resource                                    ; Usage          ;
+---------------------------------------------+----------------+
; Estimate of Logic utilization (ALMs needed) ; 26             ;
;                                             ;                ;
; Combinational ALUT usage for logic          ; 46             ;
;     -- 7 input functions                    ; 0              ;
;     -- 6 input functions                    ; 5              ;
;     -- 5 input functions                    ; 1              ;
;     -- 4 input functions                    ; 3              ;
;     -- <=3 input functions                  ; 37             ;
;                                             ;                ;
; Dedicated logic registers                   ; 39             ;
;                                             ;                ;
; I/O pins                                    ; 31             ;
;                                             ;                ;
; Total DSP Blocks                            ; 0              ;
;                                             ;                ;
; Maximum fan-out node                        ; CLOCK_50~input ;
; Maximum fan-out                             ; 39             ;
; Total fan-out                               ; 333            ;
; Average fan-out                             ; 2.27           ;
+---------------------------------------------+----------------+


+---------------------------------------------------------------------------------------------------------------------------------------------------------------------------------------------+
; Analysis & Synthesis Resource Utilization by Entity                                                                                                                                         ;
+----------------------------+---------------------+---------------------------+-------------------+------------+------+--------------+-------------------------+--------------+--------------+
; Compilation Hierarchy Node ; Combinational ALUTs ; Dedicated Logic Registers ; Block Memory Bits ; DSP Blocks ; Pins ; Virtual Pins ; Full Hierarchy Name     ; Entity Name  ; Library Name ;
+----------------------------+---------------------+---------------------------+-------------------+------------+------+--------------+-------------------------+--------------+--------------+
; |part_3                    ; 46 (0)              ; 39 (0)                    ; 0                 ; 0          ; 31   ; 0            ; |part_3                 ; part_3       ; work         ;
;    |mux8to1:r1|            ; 4 (4)               ; 0 (0)                     ; 0                 ; 0          ; 0    ; 0            ; |part_3|mux8to1:r1      ; mux8to1      ; work         ;
;    |rate_divider:r0|       ; 31 (31)             ; 25 (25)                   ; 0                 ; 0          ; 0    ; 0            ; |part_3|rate_divider:r0 ; rate_divider ; work         ;
;    |shifter:r2|            ; 11 (11)             ; 14 (14)                   ; 0                 ; 0          ; 0    ; 0            ; |part_3|shifter:r2      ; shifter      ; work         ;
+----------------------------+---------------------+---------------------------+-------------------+------------+------+--------------+-------------------------+--------------+--------------+
Note: For table entries with two numbers listed, the numbers in parentheses indicate the number of resources of the given type used by the specific entity alone. The numbers listed outside of parentheses indicate the total resources of the given type used by the specific entity and all of its sub-entities in the hierarchy.


+--------------------------------------------------------------------------------+
; Registers Removed During Synthesis                                             ;
+---------------------------------------+----------------------------------------+
; Register name                         ; Reason for Removal                     ;
+---------------------------------------+----------------------------------------+
; shifter:r2|q[13]                      ; Stuck at GND due to stuck port data_in ;
; Total Number of Removed Registers = 1 ;                                        ;
+---------------------------------------+----------------------------------------+


+------------------------------------------------------+
; General Register Statistics                          ;
+----------------------------------------------+-------+
; Statistic                                    ; Value ;
+----------------------------------------------+-------+
; Total registers                              ; 39    ;
; Number of registers using Synchronous Clear  ; 24    ;
; Number of registers using Synchronous Load   ; 10    ;
; Number of registers using Asynchronous Clear ; 39    ;
; Number of registers using Asynchronous Load  ; 0     ;
; Number of registers using Clock Enable       ; 13    ;
; Number of registers using Preset             ; 0     ;
+----------------------------------------------+-------+


+--------------------------------------------------+
; Inverted Register Statistics                     ;
+----------------------------------------+---------+
; Inverted Register                      ; Fan out ;
+----------------------------------------+---------+
; rate_divider:r0|out[0]                 ; 2       ;
; Total number of inverted registers = 1 ;         ;
+----------------------------------------+---------+


+----------------------------------------------------------------------------------------------------------------------------------------------+
; Multiplexer Restructuring Statistics (Restructuring Performed)                                                                               ;
+--------------------+-----------+---------------+----------------------+------------------------+------------+--------------------------------+
; Multiplexer Inputs ; Bus Width ; Baseline Area ; Area if Restructured ; Saving if Restructured ; Registered ; Example Multiplexer Output     ;
+--------------------+-----------+---------------+----------------------+------------------------+------------+--------------------------------+
; 3:1                ; 23 bits   ; 46 LEs        ; 0 LEs                ; 46 LEs                 ; Yes        ; |part_3|rate_divider:r0|out[3] ;
; 3:1                ; 2 bits    ; 4 LEs         ; 2 LEs                ; 2 LEs                  ; Yes        ; |part_3|shifter:r2|q[0]        ;
; 3:1                ; 5 bits    ; 10 LEs        ; 5 LEs                ; 5 LEs                  ; Yes        ; |part_3|shifter:r2|q[3]        ;
; 10:1               ; 5 bits    ; 30 LEs        ; 30 LEs               ; 0 LEs                  ; Yes        ; |part_3|shifter:r2|q[1]        ;
+--------------------+-----------+---------------+----------------------+------------------------+------------+--------------------------------+


+---------------------------------------------+
; Port Connectivity Checks: "mux8to1:r1"      ;
+-----------+-------+----------+--------------+
; Port      ; Type  ; Severity ; Details      ;
+-----------+-------+----------+--------------+
; s[8..0]   ; Input ; Info     ; Stuck at GND ;
; s[13]     ; Input ; Info     ; Stuck at VCC ;
; s[12]     ; Input ; Info     ; Stuck at GND ;
; s[11]     ; Input ; Info     ; Stuck at VCC ;
; s[10]     ; Input ; Info     ; Stuck at GND ;
; s[9]      ; Input ; Info     ; Stuck at VCC ;
; t[13..11] ; Input ; Info     ; Stuck at VCC ;
; t[10..0]  ; Input ; Info     ; Stuck at GND ;
; u[9..7]   ; Input ; Info     ; Stuck at VCC ;
; u[6..0]   ; Input ; Info     ; Stuck at GND ;
; u[13]     ; Input ; Info     ; Stuck at VCC ;
; u[12]     ; Input ; Info     ; Stuck at GND ;
; u[11]     ; Input ; Info     ; Stuck at VCC ;
; u[10]     ; Input ; Info     ; Stuck at GND ;
; v[7..5]   ; Input ; Info     ; Stuck at VCC ;
; v[4..0]   ; Input ; Info     ; Stuck at GND ;
; v[13]     ; Input ; Info     ; Stuck at VCC ;
; v[12]     ; Input ; Info     ; Stuck at GND ;
; v[11]     ; Input ; Info     ; Stuck at VCC ;
; v[10]     ; Input ; Info     ; Stuck at GND ;
; v[9]      ; Input ; Info     ; Stuck at VCC ;
; v[8]      ; Input ; Info     ; Stuck at GND ;
; w[11..9]  ; Input ; Info     ; Stuck at VCC ;
; w[7..5]   ; Input ; Info     ; Stuck at VCC ;
; w[4..0]   ; Input ; Info     ; Stuck at GND ;
; w[13]     ; Input ; Info     ; Stuck at VCC ;
; w[12]     ; Input ; Info     ; Stuck at GND ;
; w[8]      ; Input ; Info     ; Stuck at GND ;
; x[13..11] ; Input ; Info     ; Stuck at VCC ;
; x[5..3]   ; Input ; Info     ; Stuck at VCC ;
; x[2..0]   ; Input ; Info     ; Stuck at GND ;
; x[10]     ; Input ; Info     ; Stuck at GND ;
; x[9]      ; Input ; Info     ; Stuck at VCC ;
; x[8]      ; Input ; Info     ; Stuck at GND ;
; x[7]      ; Input ; Info     ; Stuck at VCC ;
; x[6]      ; Input ; Info     ; Stuck at GND ;
; y[13..11] ; Input ; Info     ; Stuck at VCC ;
; y[7..5]   ; Input ; Info     ; Stuck at VCC ;
; y[3..1]   ; Input ; Info     ; Stuck at VCC ;
; y[10]     ; Input ; Info     ; Stuck at GND ;
; y[9]      ; Input ; Info     ; Stuck at VCC ;
; y[8]      ; Input ; Info     ; Stuck at GND ;
; y[4]      ; Input ; Info     ; Stuck at GND ;
; y[0]      ; Input ; Info     ; Stuck at GND ;
; z[13..11] ; Input ; Info     ; Stuck at VCC ;
; z[9..7]   ; Input ; Info     ; Stuck at VCC ;
; z[2..0]   ; Input ; Info     ; Stuck at GND ;
; z[10]     ; Input ; Info     ; Stuck at GND ;
; z[6]      ; Input ; Info     ; Stuck at GND ;
; z[5]      ; Input ; Info     ; Stuck at VCC ;
; z[4]      ; Input ; Info     ; Stuck at GND ;
; z[3]      ; Input ; Info     ; Stuck at VCC ;
+-----------+-------+----------+--------------+


+-------------------------------------------------+
; Port Connectivity Checks: "rate_divider:r0"     ;
+---------------+-------+----------+--------------+
; Port          ; Type  ; Severity ; Details      ;
+---------------+-------+----------+--------------+
; rate_d[1..0]  ; Input ; Info     ; Stuck at VCC ;
; rate_d[24..2] ; Input ; Info     ; Stuck at GND ;
; en            ; Input ; Info     ; Stuck at VCC ;
+---------------+-------+----------+--------------+


+-----------------------------------------------------+
; Post-Synthesis Netlist Statistics for Top Partition ;
+-----------------------+-----------------------------+
; Type                  ; Count                       ;
+-----------------------+-----------------------------+
; arriav_ff             ; 39                          ;
;     CLR               ; 1                           ;
;     CLR SCLR          ; 24                          ;
;     CLR SLD           ; 1                           ;
;     ENA CLR           ; 4                           ;
;     ENA CLR SLD       ; 9                           ;
; arriav_lcell_comb     ; 47                          ;
;     arith             ; 25                          ;
;         1 data inputs ; 25                          ;
;     normal            ; 22                          ;
;         0 data inputs ; 1                           ;
;         2 data inputs ; 4                           ;
;         3 data inputs ; 8                           ;
;         4 data inputs ; 3                           ;
;         5 data inputs ; 1                           ;
;         6 data inputs ; 5                           ;
; boundary_port         ; 31                          ;
;                       ;                             ;
; Max LUT depth         ; 3.40                        ;
; Average LUT depth     ; 2.22                        ;
+-----------------------+-----------------------------+


+-------------------------------+
; Elapsed Time Per Partition    ;
+----------------+--------------+
; Partition Name ; Elapsed Time ;
+----------------+--------------+
; Top            ; 00:00:00     ;
+----------------+--------------+


+-------------------------------+
; Analysis & Synthesis Messages ;
+-------------------------------+
Info: *******************************************************************
Info: Running Quartus Prime Analysis & Synthesis
    Info: Version 17.0.0 Build 595 04/25/2017 SJ Lite Edition
    Info: Processing started: Mon Oct 22 18:34:43 2018
Info: Command: quartus_map --read_settings_files=on --write_settings_files=off part_3 -c part_3
Warning (18236): Number of processors has not been specified which may cause overloading on shared machines.  Set the global assignment NUM_PARALLEL_PROCESSORS in your QSF to an appropriate value for best performance.
Info (20030): Parallel compilation is enabled and will use 2 of the 2 processors detected
Info (12021): Found 4 design units, including 4 entities, in source file part_3.v
    Info (12023): Found entity 1: part_3 File: C:/Users/exle0/Documents/2018_Fall/CSC_258/Labs/lab_5/part_3/part_3.v Line: 1
    Info (12023): Found entity 2: shifter File: C:/Users/exle0/Documents/2018_Fall/CSC_258/Labs/lab_5/part_3/part_3.v Line: 29
    Info (12023): Found entity 3: rate_divider File: C:/Users/exle0/Documents/2018_Fall/CSC_258/Labs/lab_5/part_3/part_3.v Line: 57
    Info (12023): Found entity 4: mux8to1 File: C:/Users/exle0/Documents/2018_Fall/CSC_258/Labs/lab_5/part_3/part_3.v Line: 80
Info (12127): Elaborating entity "part_3" for the top level hierarchy
Warning (10034): Output port "LEDR[9..1]" at part_3.v(4) has no driver File: C:/Users/exle0/Documents/2018_Fall/CSC_258/Labs/lab_5/part_3/part_3.v Line: 4
Info (12128): Elaborating entity "rate_divider" for hierarchy "rate_divider:r0" File: C:/Users/exle0/Documents/2018_Fall/CSC_258/Labs/lab_5/part_3/part_3.v Line: 10
Warning (10230): Verilog HDL assignment warning at part_3.v(77): truncated value with size 32 to match size of target (1) File: C:/Users/exle0/Documents/2018_Fall/CSC_258/Labs/lab_5/part_3/part_3.v Line: 77
Info (12128): Elaborating entity "mux8to1" for hierarchy "mux8to1:r1" File: C:/Users/exle0/Documents/2018_Fall/CSC_258/Labs/lab_5/part_3/part_3.v Line: 22
Info (12128): Elaborating entity "shifter" for hierarchy "shifter:r2" File: C:/Users/exle0/Documents/2018_Fall/CSC_258/Labs/lab_5/part_3/part_3.v Line: 25
Warning (13024): Output pins are stuck at VCC or GND
    Warning (13410): Pin "LEDR[1]" is stuck at GND File: C:/Users/exle0/Documents/2018_Fall/CSC_258/Labs/lab_5/part_3/part_3.v Line: 4
    Warning (13410): Pin "LEDR[2]" is stuck at GND File: C:/Users/exle0/Documents/2018_Fall/CSC_258/Labs/lab_5/part_3/part_3.v Line: 4
    Warning (13410): Pin "LEDR[3]" is stuck at GND File: C:/Users/exle0/Documents/2018_Fall/CSC_258/Labs/lab_5/part_3/part_3.v Line: 4
    Warning (13410): Pin "LEDR[4]" is stuck at GND File: C:/Users/exle0/Documents/2018_Fall/CSC_258/Labs/lab_5/part_3/part_3.v Line: 4
    Warning (13410): Pin "LEDR[5]" is stuck at GND File: C:/Users/exle0/Documents/2018_Fall/CSC_258/Labs/lab_5/part_3/part_3.v Line: 4
    Warning (13410): Pin "LEDR[6]" is stuck at GND File: C:/Users/exle0/Documents/2018_Fall/CSC_258/Labs/lab_5/part_3/part_3.v Line: 4
    Warning (13410): Pin "LEDR[7]" is stuck at GND File: C:/Users/exle0/Documents/2018_Fall/CSC_258/Labs/lab_5/part_3/part_3.v Line: 4
    Warning (13410): Pin "LEDR[8]" is stuck at GND File: C:/Users/exle0/Documents/2018_Fall/CSC_258/Labs/lab_5/part_3/part_3.v Line: 4
    Warning (13410): Pin "LEDR[9]" is stuck at GND File: C:/Users/exle0/Documents/2018_Fall/CSC_258/Labs/lab_5/part_3/part_3.v Line: 4
Info (286030): Timing-Driven Synthesis is running
Info (16010): Generating hard_block partition "hard_block:auto_generated_inst"
    Info (16011): Adding 0 node(s), including 0 DDIO, 0 PLL, 0 transceiver and 0 LCELL
Warning (21074): Design contains 15 input pin(s) that do not drive logic
    Warning (15610): No output dependent on input pin "SW[3]" File: C:/Users/exle0/Documents/2018_Fall/CSC_258/Labs/lab_5/part_3/part_3.v Line: 2
    Warning (15610): No output dependent on input pin "SW[4]" File: C:/Users/exle0/Documents/2018_Fall/CSC_258/Labs/lab_5/part_3/part_3.v Line: 2
    Warning (15610): No output dependent on input pin "SW[5]" File: C:/Users/exle0/Documents/2018_Fall/CSC_258/Labs/lab_5/part_3/part_3.v Line: 2
    Warning (15610): No output dependent on input pin "SW[6]" File: C:/Users/exle0/Documents/2018_Fall/CSC_258/Labs/lab_5/part_3/part_3.v Line: 2
    Warning (15610): No output dependent on input pin "SW[7]" File: C:/Users/exle0/Documents/2018_Fall/CSC_258/Labs/lab_5/part_3/part_3.v Line: 2
    Warning (15610): No output dependent on input pin "SW[8]" File: C:/Users/exle0/Documents/2018_Fall/CSC_258/Labs/lab_5/part_3/part_3.v Line: 2
    Warning (15610): No output dependent on input pin "SW[9]" File: C:/Users/exle0/Documents/2018_Fall/CSC_258/Labs/lab_5/part_3/part_3.v Line: 2
    Warning (15610): No output dependent on input pin "KEY[2]" File: C:/Users/exle0/Documents/2018_Fall/CSC_258/Labs/lab_5/part_3/part_3.v Line: 2
    Warning (15610): No output dependent on input pin "KEY[3]" File: C:/Users/exle0/Documents/2018_Fall/CSC_258/Labs/lab_5/part_3/part_3.v Line: 2
    Warning (15610): No output dependent on input pin "KEY[4]" File: C:/Users/exle0/Documents/2018_Fall/CSC_258/Labs/lab_5/part_3/part_3.v Line: 2
    Warning (15610): No output dependent on input pin "KEY[5]" File: C:/Users/exle0/Documents/2018_Fall/CSC_258/Labs/lab_5/part_3/part_3.v Line: 2
    Warning (15610): No output dependent on input pin "KEY[6]" File: C:/Users/exle0/Documents/2018_Fall/CSC_258/Labs/lab_5/part_3/part_3.v Line: 2
    Warning (15610): No output dependent on input pin "KEY[7]" File: C:/Users/exle0/Documents/2018_Fall/CSC_258/Labs/lab_5/part_3/part_3.v Line: 2
    Warning (15610): No output dependent on input pin "KEY[8]" File: C:/Users/exle0/Documents/2018_Fall/CSC_258/Labs/lab_5/part_3/part_3.v Line: 2
    Warning (15610): No output dependent on input pin "KEY[9]" File: C:/Users/exle0/Documents/2018_Fall/CSC_258/Labs/lab_5/part_3/part_3.v Line: 2
Info (21057): Implemented 77 device resources after synthesis - the final resource count might be different
    Info (21058): Implemented 21 input pins
    Info (21059): Implemented 10 output pins
    Info (21061): Implemented 46 logic cells
Info: Quartus Prime Analysis & Synthesis was successful. 0 errors, 29 warnings
    Info: Peak virtual memory: 4813 megabytes
    Info: Processing ended: Mon Oct 22 18:34:55 2018
    Info: Elapsed time: 00:00:12
    Info: Total CPU time (on all processors): 00:00:29


